
> finance-tool-backend@1.0.0 dev
> tsx watch src/index.ts

🚀 伺服器運行在 http://localhost:3001
Annual report error: error: column p.company_alias does not exist
    at /Users/winson/Dropbox/vibe_tools/reddoor-winson-assistant/finance-tool/backend/node_modules/pg-pool/index.js:45:11
    at process.processTicksAndRejections (node:internal/process/task_queues:95:5)
    at async Promise.all (index 1)
    at <anonymous> (/Users/winson/Dropbox/vibe_tools/reddoor-winson-assistant/finance-tool/backend/src/routes/finance.ts:39:44) {
  length: 113,
  severity: 'ERROR',
  code: '42703',
  detail: undefined,
  hint: undefined,
  position: '24',
  internalPosition: undefined,
  internalQuery: undefined,
  where: undefined,
  schema: undefined,
  table: undefined,
  column: undefined,
  dataType: undefined,
  constraint: undefined,
  file: 'parse_relation.c',
  line: '3657',
  routine: 'errorMissingColumn'
}
Annual report error: error: column p.company_alias does not exist
    at /Users/winson/Dropbox/vibe_tools/reddoor-winson-assistant/finance-tool/backend/node_modules/pg-pool/index.js:45:11
    at process.processTicksAndRejections (node:internal/process/task_queues:95:5)
    at async Promise.all (index 1)
    at <anonymous> (/Users/winson/Dropbox/vibe_tools/reddoor-winson-assistant/finance-tool/backend/src/routes/finance.ts:39:44) {
  length: 113,
  severity: 'ERROR',
  code: '42703',
  detail: undefined,
  hint: undefined,
  position: '24',
  internalPosition: undefined,
  internalQuery: undefined,
  where: undefined,
  schema: undefined,
  table: undefined,
  column: undefined,
  dataType: undefined,
  constraint: undefined,
  file: 'parse_relation.c',
  line: '3657',
  routine: 'errorMissingColumn'
}
Annual report error: error: column p.company_alias does not exist
    at /Users/winson/Dropbox/vibe_tools/reddoor-winson-assistant/finance-tool/backend/node_modules/pg-pool/index.js:45:11
    at process.processTicksAndRejections (node:internal/process/task_queues:95:5)
    at async Promise.all (index 0)
    at <anonymous> (/Users/winson/Dropbox/vibe_tools/reddoor-winson-assistant/finance-tool/backend/src/routes/finance.ts:39:44) {
  length: 113,
  severity: 'ERROR',
  code: '42703',
  detail: undefined,
  hint: undefined,
  position: '24',
  internalPosition: undefined,
  internalQuery: undefined,
  where: undefined,
  schema: undefined,
  table: undefined,
  column: undefined,
  dataType: undefined,
  constraint: undefined,
  file: 'parse_relation.c',
  line: '3657',
  routine: 'errorMissingColumn'
}
Annual report error: error: column p.company_alias does not exist
    at /Users/winson/Dropbox/vibe_tools/reddoor-winson-assistant/finance-tool/backend/node_modules/pg-pool/index.js:45:11
    at process.processTicksAndRejections (node:internal/process/task_queues:95:5)
    at async Promise.all (index 0)
    at <anonymous> (/Users/winson/Dropbox/vibe_tools/reddoor-winson-assistant/finance-tool/backend/src/routes/finance.ts:39:44) {
  length: 113,
  severity: 'ERROR',
  code: '42703',
  detail: undefined,
  hint: undefined,
  position: '24',
  internalPosition: undefined,
  internalQuery: undefined,
  where: undefined,
  schema: undefined,
  table: undefined,
  column: undefined,
  dataType: undefined,
  constraint: undefined,
  file: 'parse_relation.c',
  line: '3657',
  routine: 'errorMissingColumn'
}
3:01:13 PM [tsx] change in ./src/routes/finance.ts Restarting...
3:01:18 PM [tsx] Process didn't exit in 5s. Force killing...
3:43:42 PM [tsx] change in ./src/database/connection.ts Process hasn't exited. Killing process...
4:59:46 PM [tsx] change in ./src/routes/customers.ts Process hasn't exited. Killing process...
4:59:52 PM [tsx] change in ./src/routes/projects.ts Process hasn't exited. Killing process...
5:00:00 PM [tsx] change in ./src/models/Project.ts Process hasn't exited. Killing process...
5:00:15 PM [tsx] change in ./src/models/Project.ts Process hasn't exited. Killing process...
5:00:27 PM [tsx] change in ./src/routes/dashboard.ts Process hasn't exited. Killing process...
12:59:58 PM [tsx] Previous process hasn't exited yet. Force killing...
1:00:03 PM [tsx] Process didn't exit in 5s. Force killing...
1:30:21 PM [tsx] change in ./src/models/Project.ts Process hasn't exited. Killing process...
1:30:48 PM [tsx] change in ./src/routes/finance.ts Process hasn't exited. Killing process...
1:31:04 PM [tsx] change in ./src/index.ts Process hasn't exited. Killing process...
4:28:01 PM [tsx] change in ./src/routes/finance.ts Process hasn't exited. Killing process...
5:56:29 PM [tsx] change in ./src/routes/finance.ts Process hasn't exited. Killing process...
