
> finance-tool-backend@1.0.0 dev
> tsx watch src/index.ts

🚀 伺服器運行在 http://localhost:3001
2:47:07 PM [tsx] change in ./src/routes/finance.ts Restarting...
2:47:12 PM [tsx] Process didn't exit in 5s. Force killing...
2:50:44 PM [tsx] Previous process hasn't exited yet. Force killing...
2:50:49 PM [tsx] Process didn't exit in 5s. Force killing...
3:01:13 PM [tsx] change in ./src/routes/finance.ts Process hasn't exited. Killing process...
3:43:42 PM [tsx] change in ./src/database/connection.ts Process hasn't exited. Killing process...
4:59:46 PM [tsx] change in ./src/routes/customers.ts Process hasn't exited. Killing process...
4:59:52 PM [tsx] change in ./src/routes/projects.ts Process hasn't exited. Killing process...
5:00:00 PM [tsx] change in ./src/models/Project.ts Process hasn't exited. Killing process...
5:00:15 PM [tsx] change in ./src/models/Project.ts Process hasn't exited. Killing process...
5:00:27 PM [tsx] change in ./src/routes/dashboard.ts Process hasn't exited. Killing process...
12:59:58 PM [tsx] Previous process hasn't exited yet. Force killing...
1:00:03 PM [tsx] Process didn't exit in 5s. Force killing...
1:30:21 PM [tsx] change in ./src/models/Project.ts Process hasn't exited. Killing process...
1:30:48 PM [tsx] change in ./src/routes/finance.ts Process hasn't exited. Killing process...
1:31:04 PM [tsx] change in ./src/index.ts Process hasn't exited. Killing process...
4:28:01 PM [tsx] change in ./src/routes/finance.ts Process hasn't exited. Killing process...
5:56:29 PM [tsx] change in ./src/routes/finance.ts Process hasn't exited. Killing process...
6:42:48 PM [tsx] change in ./src/database/connection.ts Process hasn't exited. Killing process...
6:55:18 PM [tsx] change in ./src/index.ts Process hasn't exited. Killing process...
10:46:45 AM [tsx] Previous process hasn't exited yet. Force killing...
10:46:50 AM [tsx] Process didn't exit in 5s. Force killing...
10:46:53 AM [tsx] Previous process hasn't exited yet. Force killing...
10:46:53 AM [tsx] Previous process hasn't exited yet. Force killing...
